# JRE version: OpenJDK Runtime Environment (14.0.2+12) (build 14.0.2+12-46)
# Java VM: OpenJDK 64-Bit Server VM (14.0.2+12-46, mixed mode, tiered, compressed oops, g1 gc, windows-amd64)
Heap:
 garbage-first heap   total 150528K, used 75262K [0x0000000700a00000, 0x0000000800000000)
  region size 1024K, 68 young (69632K), 4 survivors (4096K)
 Metaspace       used 34196K, capacity 35152K, committed 35248K, reserved 1081344K
  class space    used 3973K, capacity 4324K, committed 4352K, reserved 1048576K
GC Heap History (14 events):
Event: 0.418 GC heap before
{Heap before GC invocations=0 (full 0):
 garbage-first heap   total 262144K, used 13312K [0x0000000700a00000, 0x0000000800000000)
  region size 1024K, 13 young (13312K), 0 survivors (0K)
 Metaspace       used 9219K, capacity 9445K, committed 9600K, reserved 1058816K
  class space    used 832K, capacity 871K, committed 896K, reserved 1048576K
}
Event: 0.422 GC heap after
{Heap after GC invocations=1 (full 0):
 garbage-first heap   total 262144K, used 5750K [0x0000000700a00000, 0x0000000800000000)
  region size 1024K, 2 young (2048K), 2 survivors (2048K)
 Metaspace       used 9219K, capacity 9445K, committed 9600K, reserved 1058816K
  class space    used 832K, capacity 871K, committed 896K, reserved 1048576K
}
Event: 0.577 GC heap before
{Heap before GC invocations=1 (full 0):
 garbage-first heap   total 262144K, used 18038K [0x0000000700a00000, 0x0000000800000000)
  region size 1024K, 15 young (15360K), 2 survivors (2048K)
 Metaspace       used 11483K, capacity 11723K, committed 12032K, reserved 1060864K
  class space    used 1121K, capacity 1187K, committed 1280K, reserved 1048576K
}
Event: 0.579 GC heap after
{Heap after GC invocations=2 (full 0):
 garbage-first heap   total 262144K, used 6488K [0x0000000700a00000, 0x0000000800000000)
  region size 1024K, 1 young (1024K), 1 survivors (1024K)
 Metaspace       used 11483K, capacity 11723K, committed 12032K, reserved 1060864K
  class space    used 1121K, capacity 1187K, committed 1280K, reserved 1048576K
}
Event: 0.588 GC heap before
{Heap before GC invocations=2 (full 0):
 garbage-first heap   total 262144K, used 30040K [0x0000000700a00000, 0x0000000800000000)
  region size 1024K, 25 young (25600K), 1 survivors (1024K)
 Metaspace       used 11483K, capacity 11723K, committed 12032K, reserved 1060864K
  class space    used 1121K, capacity 1187K, committed 1280K, reserved 1048576K
}
Event: 0.589 GC heap after
{Heap after GC invocations=3 (full 0):
 garbage-first heap   total 262144K, used 6489K [0x0000000700a00000, 0x0000000800000000)
  region size 1024K, 1 young (1024K), 1 survivors (1024K)
 Metaspace       used 11483K, capacity 11723K, committed 12032K, reserved 1060864K
  class space    used 1121K, capacity 1187K, committed 1280K, reserved 1048576K
}
Event: 1.259 GC heap before
{Heap before GC invocations=3 (full 0):
 garbage-first heap   total 262144K, used 64857K [0x0000000700a00000, 0x0000000800000000)
  region size 1024K, 60 young (61440K), 1 survivors (1024K)
 Metaspace       used 20693K, capacity 21171K, committed 21296K, reserved 1069056K
  class space    used 2216K, capacity 2391K, committed 2432K, reserved 1048576K
}
Event: 1.263 GC heap after
{Heap after GC invocations=4 (full 0):
 garbage-first heap   total 262144K, used 8230K [0x0000000700a00000, 0x0000000800000000)
  region size 1024K, 3 young (3072K), 3 survivors (3072K)
 Metaspace       used 20693K, capacity 21171K, committed 21296K, reserved 1069056K
  class space    used 2216K, capacity 2391K, committed 2432K, reserved 1048576K
}
Event: 1.798 GC heap before
{Heap before GC invocations=5 (full 0):
 garbage-first heap   total 34816K, used 32806K [0x0000000700a00000, 0x0000000800000000)
  region size 1024K, 28 young (28672K), 3 survivors (3072K)
 Metaspace       used 24032K, capacity 24579K, committed 24880K, reserved 1071104K
  class space    used 2703K, capacity 2896K, committed 2944K, reserved 1048576K
}
Event: 1.802 GC heap after
{Heap after GC invocations=6 (full 0):
 garbage-first heap   total 38912K, used 9123K [0x0000000700a00000, 0x0000000800000000)
  region size 1024K, 4 young (4096K), 4 survivors (4096K)
 Metaspace       used 24032K, capacity 24579K, committed 24880K, reserved 1071104K
  class space    used 2703K, capacity 2896K, committed 2944K, reserved 1048576K
}
Event: 1.805 GC heap before
{Heap before GC invocations=6 (full 0):
 garbage-first heap   total 38912K, used 26531K [0x0000000700a00000, 0x0000000800000000)
  region size 1024K, 22 young (22528K), 4 survivors (4096K)
 Metaspace       used 24032K, capacity 24579K, committed 24880K, reserved 1071104K
  class space    used 2703K, capacity 2896K, committed 2944K, reserved 1048576K
}
Event: 1.809 GC heap after
{Heap after GC invocations=7 (full 0):
 garbage-first heap   total 150528K, used 9107K [0x0000000700a00000, 0x0000000800000000)
  region size 1024K, 1 young (1024K), 1 survivors (1024K)
 Metaspace       used 24032K, capacity 24579K, committed 24880K, reserved 1071104K
  class space    used 2703K, capacity 2896K, committed 2944K, reserved 1048576K
}
Event: 2.705 GC heap before
{Heap before GC invocations=7 (full 0):
 garbage-first heap   total 150528K, used 97171K [0x0000000700a00000, 0x0000000800000000)
  region size 1024K, 88 young (90112K), 1 survivors (1024K)
 Metaspace       used 30305K, capacity 31047K, committed 31152K, reserved 1077248K
  class space    used 3497K, capacity 3765K, committed 3840K, reserved 1048576K
}
Event: 2.709 GC heap after
{Heap after GC invocations=8 (full 0):
 garbage-first heap   total 150528K, used 11774K [0x0000000700a00000, 0x0000000800000000)
  region size 1024K, 4 young (4096K), 4 survivors (4096K)
 Metaspace       used 30305K, capacity 31047K, committed 31152K, reserved 1077248K
  class space    used 3497K, capacity 3765K, committed 3840K, reserved 1048576K
}

